10:59:02.036 [reactor-http-nio-3] - 122 - o.s.b.a.w.r.e.AbstractErrorWebExceptionHandler - [319a2d59] 500 Server Error for HTTP POST "/service-obstacle/admin/updateObstacle"
java.lang.NullPointerException: null
	at cc.yysy.apigateway.security.AuthService.verifyPathAuth(AuthService.java:88)
	at cc.yysy.apigateway.security.AuthService.verifyToken(AuthService.java:69)
	at cc.yysy.apigateway.security.JWTAuthFilter.filter(JWTAuthFilter.java:56)
	at org.springframework.cloud.gateway.handler.FilteringWebHandler$GatewayFilterAdapter.filter(FilteringWebHandler.java:135)
	at org.springframework.cloud.gateway.filter.OrderedGatewayFilter.filter(OrderedGatewayFilter.java:44)
	at org.springframework.cloud.gateway.handler.FilteringWebHandler$DefaultGatewayFilterChain.lambda$filter$0(FilteringWebHandler.java:117)
	at reactor.core.publisher.MonoDefer.subscribe(MonoDefer.java:44)
	at reactor.core.publisher.MonoDefer.subscribe(MonoDefer.java:52)
	at reactor.core.publisher.Mono.subscribe(Mono.java:3694)
	at reactor.core.publisher.MonoIgnoreThen$ThenIgnoreMain.drain(MonoIgnoreThen.java:172)
	at reactor.core.publisher.MonoIgnoreThen.subscribe(MonoIgnoreThen.java:56)
	at reactor.core.publisher.MonoFlatMap$FlatMapMain.onNext(MonoFlatMap.java:150)
	at reactor.core.publisher.FluxSwitchIfEmpty$SwitchIfEmptySubscriber.onNext(FluxSwitchIfEmpty.java:67)
	at reactor.core.publisher.MonoNext$NextSubscriber.onNext(MonoNext.java:76)
	at reactor.core.publisher.FluxConcatMap$ConcatMapImmediate.innerNext(FluxConcatMap.java:275)
	at reactor.core.publisher.FluxConcatMap$ConcatMapInner.onNext(FluxConcatMap.java:849)
	at reactor.core.publisher.FluxMap$MapSubscriber.onNext(FluxMap.java:114)
	at reactor.core.publisher.FluxSwitchIfEmpty$SwitchIfEmptySubscriber.onNext(FluxSwitchIfEmpty.java:67)
	at reactor.core.publisher.Operators$MonoSubscriber.complete(Operators.java:1505)
	at reactor.core.publisher.MonoFlatMap$FlatMapMain.onNext(MonoFlatMap.java:144)
	at reactor.core.publisher.FluxMap$MapSubscriber.onNext(FluxMap.java:114)
	at reactor.core.publisher.MonoNext$NextSubscriber.onNext(MonoNext.java:76)
	at reactor.core.publisher.FluxConcatMap$ConcatMapImmediate.innerNext(FluxConcatMap.java:275)
	at reactor.core.publisher.FluxConcatMap$ConcatMapInner.onNext(FluxConcatMap.java:849)
	at reactor.core.publisher.FluxOnErrorResume$ResumeSubscriber.onNext(FluxOnErrorResume.java:73)
	at reactor.core.publisher.FluxPeek$PeekSubscriber.onNext(FluxPeek.java:192)
	at reactor.core.publisher.Operators$MonoSubscriber.complete(Operators.java:1505)
	at reactor.core.publisher.MonoFilterWhen$MonoFilterWhenMain.onNext(MonoFilterWhen.java:140)
	at reactor.core.publisher.Operators$ScalarSubscription.request(Operators.java:2070)
	at reactor.core.publisher.MonoFilterWhen$MonoFilterWhenMain.onSubscribe(MonoFilterWhen.java:103)
	at reactor.core.publisher.MonoJust.subscribe(MonoJust.java:54)
	at reactor.core.publisher.MonoFilterWhen.subscribe(MonoFilterWhen.java:56)
	at reactor.core.publisher.MonoPeek.subscribe(MonoPeek.java:71)
	at reactor.core.publisher.MonoOnErrorResume.subscribe(MonoOnErrorResume.java:44)
	at reactor.core.publisher.Mono.subscribe(Mono.java:3694)
	at reactor.core.publisher.FluxConcatMap$ConcatMapImmediate.drain(FluxConcatMap.java:442)
	at reactor.core.publisher.FluxConcatMap$ConcatMapImmediate.onNext(FluxConcatMap.java:244)
	at reactor.core.publisher.FluxDematerialize$DematerializeSubscriber.onNext(FluxDematerialize.java:114)
	at reactor.core.publisher.FluxDematerialize$DematerializeSubscriber.onNext(FluxDematerialize.java:42)
	at reactor.core.publisher.FluxIterable$IterableSubscription.slowPath(FluxIterable.java:243)
	at reactor.core.publisher.FluxIterable$IterableSubscription.request(FluxIterable.java:201)
	at reactor.core.publisher.FluxDematerialize$DematerializeSubscriber.request(FluxDematerialize.java:157)
	at reactor.core.publisher.FluxConcatMap$ConcatMapImmediate.onSubscribe(FluxConcatMap.java:229)
	at reactor.core.publisher.FluxDematerialize$DematerializeSubscriber.onSubscribe(FluxDematerialize.java:88)
	at reactor.core.publisher.FluxIterable.subscribe(FluxIterable.java:139)
	at reactor.core.publisher.FluxIterable.subscribe(FluxIterable.java:63)
	at reactor.core.publisher.FluxDematerialize.subscribe(FluxDematerialize.java:39)
	at reactor.core.publisher.FluxDefer.subscribe(FluxDefer.java:54)
	at reactor.core.publisher.FluxConcatMap.subscribe(FluxConcatMap.java:121)
	at reactor.core.publisher.MonoNext.subscribe(MonoNext.java:40)
	at reactor.core.publisher.MonoMap.subscribe(MonoMap.java:55)
	at reactor.core.publisher.MonoFlatMap.subscribe(MonoFlatMap.java:60)
	at reactor.core.publisher.MonoSwitchIfEmpty.subscribe(MonoSwitchIfEmpty.java:44)
	at reactor.core.publisher.MonoMap.subscribe(MonoMap.java:55)
	at reactor.core.publisher.Mono.subscribe(Mono.java:3694)
	at reactor.core.publisher.FluxConcatMap$ConcatMapImmediate.drain(FluxConcatMap.java:442)
	at reactor.core.publisher.FluxConcatMap$ConcatMapImmediate.onSubscribe(FluxConcatMap.java:212)
	at reactor.core.publisher.FluxIterable.subscribe(FluxIterable.java:139)
	at reactor.core.publisher.FluxIterable.subscribe(FluxIterable.java:63)
	at reactor.core.publisher.FluxConcatMap.subscribe(FluxConcatMap.java:121)
	at reactor.core.publisher.MonoNext.subscribe(MonoNext.java:40)
	at reactor.core.publisher.MonoSwitchIfEmpty.subscribe(MonoSwitchIfEmpty.java:44)
	at reactor.core.publisher.MonoFlatMap.subscribe(MonoFlatMap.java:60)
	at reactor.core.publisher.MonoFlatMap.subscribe(MonoFlatMap.java:60)
	at reactor.core.publisher.MonoDefer.subscribe(MonoDefer.java:52)
	at reactor.core.publisher.MonoDefer.subscribe(MonoDefer.java:52)
	at reactor.core.publisher.MonoDefer.subscribe(MonoDefer.java:52)
	at reactor.core.publisher.MonoOnErrorResume.subscribe(MonoOnErrorResume.java:44)
	at reactor.core.publisher.MonoOnErrorResume.subscribe(MonoOnErrorResume.java:44)
	at reactor.core.publisher.MonoPeekTerminal.subscribe(MonoPeekTerminal.java:61)
	at reactor.core.publisher.MonoOnErrorResume.subscribe(MonoOnErrorResume.java:44)
	at reactor.core.publisher.Mono.subscribe(Mono.java:3694)
	at reactor.core.publisher.MonoIgnoreThen$ThenIgnoreMain.drain(MonoIgnoreThen.java:172)
	at reactor.core.publisher.MonoIgnoreThen.subscribe(MonoIgnoreThen.java:56)
	at reactor.core.publisher.MonoPeekFuseable.subscribe(MonoPeekFuseable.java:70)
	at reactor.core.publisher.MonoPeekTerminal.subscribe(MonoPeekTerminal.java:61)
	at reactor.netty.http.server.HttpServerHandle.onStateChange(HttpServerHandle.java:64)
	at reactor.netty.tcp.TcpServerBind$ChildObserver.onStateChange(TcpServerBind.java:234)
	at reactor.netty.http.server.HttpServerOperations.onInboundNext(HttpServerOperations.java:436)
	at reactor.netty.channel.ChannelOperationsHandler.channelRead(ChannelOperationsHandler.java:141)
	at io.netty.channel.AbstractChannelHandlerContext.invokeChannelRead(AbstractChannelHandlerContext.java:362)
	at io.netty.channel.AbstractChannelHandlerContext.invokeChannelRead(AbstractChannelHandlerContext.java:348)
	at io.netty.channel.AbstractChannelHandlerContext.fireChannelRead(AbstractChannelHandlerContext.java:340)
	at reactor.netty.http.server.HttpTrafficHandler.channelRead(HttpTrafficHandler.java:162)
	at io.netty.channel.AbstractChannelHandlerContext.invokeChannelRead(AbstractChannelHandlerContext.java:362)
	at io.netty.channel.AbstractChannelHandlerContext.invokeChannelRead(AbstractChannelHandlerContext.java:348)
	at io.netty.channel.AbstractChannelHandlerContext.fireChannelRead(AbstractChannelHandlerContext.java:340)
	at io.netty.channel.CombinedChannelDuplexHandler$DelegatingChannelHandlerContext.fireChannelRead(CombinedChannelDuplexHandler.java:438)
	at io.netty.handler.codec.ByteToMessageDecoder.fireChannelRead(ByteToMessageDecoder.java:323)
	at io.netty.handler.codec.ByteToMessageDecoder.fireChannelRead(ByteToMessageDecoder.java:310)
	at io.netty.handler.codec.ByteToMessageDecoder.callDecode(ByteToMessageDecoder.java:426)
	at io.netty.handler.codec.ByteToMessageDecoder.channelRead(ByteToMessageDecoder.java:278)
	at io.netty.channel.CombinedChannelDuplexHandler.channelRead(CombinedChannelDuplexHandler.java:253)
	at io.netty.channel.AbstractChannelHandlerContext.invokeChannelRead(AbstractChannelHandlerContext.java:362)
	at io.netty.channel.AbstractChannelHandlerContext.invokeChannelRead(AbstractChannelHandlerContext.java:348)
	at io.netty.channel.AbstractChannelHandlerContext.fireChannelRead(AbstractChannelHandlerContext.java:340)
	at io.netty.channel.DefaultChannelPipeline$HeadContext.channelRead(DefaultChannelPipeline.java:1408)
	at io.netty.channel.AbstractChannelHandlerContext.invokeChannelRead(AbstractChannelHandlerContext.java:362)
	at io.netty.channel.AbstractChannelHandlerContext.invokeChannelRead(AbstractChannelHandlerContext.java:348)
	at io.netty.channel.DefaultChannelPipeline.fireChannelRead(DefaultChannelPipeline.java:930)
	at io.netty.channel.nio.AbstractNioByteChannel$NioByteUnsafe.read(AbstractNioByteChannel.java:163)
	at io.netty.channel.nio.NioEventLoop.processSelectedKey(NioEventLoop.java:677)
	at io.netty.channel.nio.NioEventLoop.processSelectedKeysOptimized(NioEventLoop.java:612)
	at io.netty.channel.nio.NioEventLoop.processSelectedKeys(NioEventLoop.java:529)
	at io.netty.channel.nio.NioEventLoop.run(NioEventLoop.java:491)
	at io.netty.util.concurrent.SingleThreadEventExecutor$5.run(SingleThreadEventExecutor.java:905)
	at java.lang.Thread.run(Thread.java:748)
11:18:21.528 [reactor-http-nio-2] - 122 - o.s.b.a.w.r.e.AbstractErrorWebExceptionHandler - [b554bb0a] 500 Server Error for HTTP POST "/service-obstacle/admin/updateObstacle"
cc.yysy.utilscommon.exception.BizException: 无权限！
