19:26:54.205 [main] - 68 - c.a.c.n.r.NacosServiceRegistry - nacos registry, api-gateway register failed...NacosRegistration{nacosDiscoveryProperties=NacosDiscoveryProperties{serverAddr='127.0.0.1:8848', endpoint='', namespace='', watchDelay=30000, logName='', service='api-gateway', weight=1.0, clusterName='DEFAULT', group='DEFAULT_GROUP', namingLoadCacheAtStart='false', metadata={preserved.register.source=SPRING_CLOUD}, registerEnabled=true, ip='192.168.220.1', networkInterface='', port=8700, secure=false, accessKey='', secretKey='', heartBeatInterval=null, heartBeatTimeout=null, ipDeleteTimeout=null}},
java.lang.IllegalStateException: failed to req API:/nacos/v1/ns/instance after all servers([127.0.0.1:8848]) tried: failed to req API:127.0.0.1:8848/nacos/v1/ns/instance. code:500 msg: java.net.ConnectException: Connection refused: connect
	at com.alibaba.nacos.client.naming.net.NamingProxy.reqAPI(NamingProxy.java:467)
	at com.alibaba.nacos.client.naming.net.NamingProxy.reqAPI(NamingProxy.java:389)
	at com.alibaba.nacos.client.naming.net.NamingProxy.registerService(NamingProxy.java:191)
	at com.alibaba.nacos.client.naming.NacosNamingService.registerInstance(NacosNamingService.java:207)
	at com.alibaba.cloud.nacos.registry.NacosServiceRegistry.register(NacosServiceRegistry.java:63)
	at org.springframework.cloud.client.serviceregistry.AbstractAutoServiceRegistration.register(AbstractAutoServiceRegistration.java:219)
	at com.alibaba.cloud.nacos.registry.NacosAutoServiceRegistration.register(NacosAutoServiceRegistration.java:75)
	at org.springframework.cloud.client.serviceregistry.AbstractAutoServiceRegistration.start(AbstractAutoServiceRegistration.java:118)
	at org.springframework.cloud.client.serviceregistry.AbstractAutoServiceRegistration.bind(AbstractAutoServiceRegistration.java:82)
	at org.springframework.cloud.client.serviceregistry.AbstractAutoServiceRegistration.onApplicationEvent(AbstractAutoServiceRegistration.java:69)
	at org.springframework.cloud.client.serviceregistry.AbstractAutoServiceRegistration.onApplicationEvent(AbstractAutoServiceRegistration.java:32)
	at org.springframework.context.event.SimpleApplicationEventMulticaster.doInvokeListener(SimpleApplicationEventMulticaster.java:172)
	at org.springframework.context.event.SimpleApplicationEventMulticaster.invokeListener(SimpleApplicationEventMulticaster.java:165)
	at org.springframework.context.event.SimpleApplicationEventMulticaster.multicastEvent(SimpleApplicationEventMulticaster.java:139)
	at org.springframework.context.support.AbstractApplicationContext.publishEvent(AbstractApplicationContext.java:402)
	at org.springframework.context.support.AbstractApplicationContext.publishEvent(AbstractApplicationContext.java:359)
	at org.springframework.boot.web.reactive.context.ReactiveWebServerApplicationContext.finishRefresh(ReactiveWebServerApplicationContext.java:124)
	at org.springframework.context.support.AbstractApplicationContext.refresh(AbstractApplicationContext.java:552)
	at org.springframework.boot.web.reactive.context.ReactiveWebServerApplicationContext.refresh(ReactiveWebServerApplicationContext.java:67)
	at org.springframework.boot.SpringApplication.refresh(SpringApplication.java:775)
	at org.springframework.boot.SpringApplication.refreshContext(SpringApplication.java:397)
	at org.springframework.boot.SpringApplication.run(SpringApplication.java:316)
	at org.springframework.boot.SpringApplication.run(SpringApplication.java:1260)
	at org.springframework.boot.SpringApplication.run(SpringApplication.java:1248)
	at cc.yysy.apigateway.ApiGatewayApplication.main(ApiGatewayApplication.java:19)
19:28:57.040 [reactor-http-nio-2] - 117 - c.a.c.n.d.NacosDiscoveryClient - get service name from nacos server fail,
java.lang.IllegalStateException: failed to req API:/nacos/v1/ns/service/list after all servers([127.0.0.1:8848]) tried: failed to req API:127.0.0.1:8848/nacos/v1/ns/service/list. code:500 msg: java.net.ConnectException: Connection refused: connect
	at com.alibaba.nacos.client.naming.net.NamingProxy.reqAPI(NamingProxy.java:467)
	at com.alibaba.nacos.client.naming.net.NamingProxy.reqAPI(NamingProxy.java:433)
	at com.alibaba.nacos.client.naming.net.NamingProxy.reqAPI(NamingProxy.java:379)
	at com.alibaba.nacos.client.naming.net.NamingProxy.getServiceList(NamingProxy.java:361)
	at com.alibaba.nacos.client.naming.NacosNamingService.getServicesOfServer(NacosNamingService.java:458)
	at com.alibaba.nacos.client.naming.NacosNamingService.getServicesOfServer(NacosNamingService.java:447)
	at com.alibaba.cloud.nacos.discovery.NacosDiscoveryClient.getServices(NacosDiscoveryClient.java:113)
	at org.springframework.cloud.client.discovery.composite.CompositeDiscoveryClient.getServices(CompositeDiscoveryClient.java:67)
	at org.springframework.cloud.gateway.discovery.DiscoveryClientRouteDefinitionLocator.getRouteDefinitions(DiscoveryClientRouteDefinitionLocator.java:88)
	at reactor.core.publisher.FluxFlatMap$FlatMapMain.onNext(FluxFlatMap.java:350)
	at reactor.core.publisher.FluxIterable$IterableSubscription.slowPath(FluxIterable.java:243)
	at reactor.core.publisher.FluxIterable$IterableSubscription.request(FluxIterable.java:201)
	at reactor.core.publisher.FluxFlatMap$FlatMapMain.onSubscribe(FluxFlatMap.java:335)
	at reactor.core.publisher.FluxIterable.subscribe(FluxIterable.java:139)
	at reactor.core.publisher.FluxIterable.subscribe(FluxIterable.java:63)
	at reactor.core.publisher.FluxFlatMap.subscribe(FluxFlatMap.java:97)
	at reactor.core.publisher.FluxMap.subscribe(FluxMap.java:62)
	at reactor.core.publisher.FluxMap.subscribe(FluxMap.java:62)
	at reactor.core.publisher.Flux.subscribe(Flux.java:7777)
	at reactor.core.publisher.FluxFlatMap$FlatMapMain.onNext(FluxFlatMap.java:389)
	at reactor.core.publisher.FluxIterable$IterableSubscription.slowPath(FluxIterable.java:243)
	at reactor.core.publisher.FluxIterable$IterableSubscription.request(FluxIterable.java:201)
	at reactor.core.publisher.FluxFlatMap$FlatMapMain.onSubscribe(FluxFlatMap.java:335)
	at reactor.core.publisher.FluxIterable.subscribe(FluxIterable.java:139)
	at reactor.core.publisher.FluxIterable.subscribe(FluxIterable.java:63)
	at reactor.core.publisher.FluxFlatMap.subscribe(FluxFlatMap.java:97)
	at reactor.core.publisher.MonoCollectList.subscribe(MonoCollectList.java:59)
	at reactor.core.publisher.MonoMapFuseable.subscribe(MonoMapFuseable.java:59)
	at reactor.core.publisher.MonoFlattenIterable.subscribe(MonoFlattenIterable.java:101)
	at reactor.core.publisher.FluxMaterialize.subscribe(FluxMaterialize.java:40)
	at reactor.core.publisher.MonoCollectList.subscribe(MonoCollectList.java:59)
	at reactor.core.publisher.MonoPeekFuseable.subscribe(MonoPeekFuseable.java:74)
	at reactor.core.publisher.MonoFlattenIterable.subscribe(MonoFlattenIterable.java:101)
	at reactor.core.publisher.FluxDematerialize.subscribe(FluxDematerialize.java:39)
	at reactor.core.publisher.FluxDefer.subscribe(FluxDefer.java:54)
	at reactor.core.publisher.FluxConcatMap.subscribe(FluxConcatMap.java:121)
	at reactor.core.publisher.MonoNext.subscribe(MonoNext.java:40)
	at reactor.core.publisher.MonoMap.subscribe(MonoMap.java:55)
	at reactor.core.publisher.MonoFlatMap.subscribe(MonoFlatMap.java:60)
	at reactor.core.publisher.MonoSwitchIfEmpty.subscribe(MonoSwitchIfEmpty.java:44)
	at reactor.core.publisher.MonoMap.subscribe(MonoMap.java:55)
	at reactor.core.publisher.Mono.subscribe(Mono.java:3694)
	at reactor.core.publisher.FluxConcatMap$ConcatMapImmediate.drain(FluxConcatMap.java:442)
	at reactor.core.publisher.FluxConcatMap$ConcatMapImmediate.onSubscribe(FluxConcatMap.java:212)
	at reactor.core.publisher.FluxIterable.subscribe(FluxIterable.java:139)
	at reactor.core.publisher.FluxIterable.subscribe(FluxIterable.java:63)
	at reactor.core.publisher.FluxConcatMap.subscribe(FluxConcatMap.java:121)
	at reactor.core.publisher.MonoNext.subscribe(MonoNext.java:40)
	at reactor.core.publisher.MonoSwitchIfEmpty.subscribe(MonoSwitchIfEmpty.java:44)
	at reactor.core.publisher.MonoFlatMap.subscribe(MonoFlatMap.java:60)
	at reactor.core.publisher.MonoFlatMap.subscribe(MonoFlatMap.java:60)
	at reactor.core.publisher.MonoDefer.subscribe(MonoDefer.java:52)
	at reactor.core.publisher.MonoDefer.subscribe(MonoDefer.java:52)
	at reactor.core.publisher.MonoDefer.subscribe(MonoDefer.java:52)
	at reactor.core.publisher.MonoOnErrorResume.subscribe(MonoOnErrorResume.java:44)
	at reactor.core.publisher.MonoOnErrorResume.subscribe(MonoOnErrorResume.java:44)
	at reactor.core.publisher.MonoPeekTerminal.subscribe(MonoPeekTerminal.java:61)
	at reactor.core.publisher.MonoOnErrorResume.subscribe(MonoOnErrorResume.java:44)
	at reactor.core.publisher.Mono.subscribe(Mono.java:3694)
	at reactor.core.publisher.MonoIgnoreThen$ThenIgnoreMain.drain(MonoIgnoreThen.java:172)
	at reactor.core.publisher.MonoIgnoreThen.subscribe(MonoIgnoreThen.java:56)
	at reactor.core.publisher.MonoPeekFuseable.subscribe(MonoPeekFuseable.java:70)
	at reactor.core.publisher.MonoPeekTerminal.subscribe(MonoPeekTerminal.java:61)
	at reactor.netty.http.server.HttpServerHandle.onStateChange(HttpServerHandle.java:64)
	at reactor.netty.tcp.TcpServerBind$ChildObserver.onStateChange(TcpServerBind.java:234)
	at reactor.netty.http.server.HttpServerOperations.onInboundNext(HttpServerOperations.java:436)
	at reactor.netty.channel.ChannelOperationsHandler.channelRead(ChannelOperationsHandler.java:141)
	at io.netty.channel.AbstractChannelHandlerContext.invokeChannelRead(AbstractChannelHandlerContext.java:362)
	at io.netty.channel.AbstractChannelHandlerContext.invokeChannelRead(AbstractChannelHandlerContext.java:348)
	at io.netty.channel.AbstractChannelHandlerContext.fireChannelRead(AbstractChannelHandlerContext.java:340)
	at reactor.netty.http.server.HttpTrafficHandler.channelRead(HttpTrafficHandler.java:162)
	at io.netty.channel.AbstractChannelHandlerContext.invokeChannelRead(AbstractChannelHandlerContext.java:362)
	at io.netty.channel.AbstractChannelHandlerContext.invokeChannelRead(AbstractChannelHandlerContext.java:348)
	at io.netty.channel.AbstractChannelHandlerContext.fireChannelRead(AbstractChannelHandlerContext.java:340)
	at io.netty.channel.CombinedChannelDuplexHandler$DelegatingChannelHandlerContext.fireChannelRead(CombinedChannelDuplexHandler.java:438)
	at io.netty.handler.codec.ByteToMessageDecoder.fireChannelRead(ByteToMessageDecoder.java:323)
	at io.netty.handler.codec.ByteToMessageDecoder.fireChannelRead(ByteToMessageDecoder.java:310)
	at io.netty.handler.codec.ByteToMessageDecoder.callDecode(ByteToMessageDecoder.java:426)
	at io.netty.handler.codec.ByteToMessageDecoder.channelRead(ByteToMessageDecoder.java:278)
	at io.netty.channel.CombinedChannelDuplexHandler.channelRead(CombinedChannelDuplexHandler.java:253)
	at io.netty.channel.AbstractChannelHandlerContext.invokeChannelRead(AbstractChannelHandlerContext.java:362)
	at io.netty.channel.AbstractChannelHandlerContext.invokeChannelRead(AbstractChannelHandlerContext.java:348)
	at io.netty.channel.AbstractChannelHandlerContext.fireChannelRead(AbstractChannelHandlerContext.java:340)
	at io.netty.channel.DefaultChannelPipeline$HeadContext.channelRead(DefaultChannelPipeline.java:1408)
	at io.netty.channel.AbstractChannelHandlerContext.invokeChannelRead(AbstractChannelHandlerContext.java:362)
	at io.netty.channel.AbstractChannelHandlerContext.invokeChannelRead(AbstractChannelHandlerContext.java:348)
	at io.netty.channel.DefaultChannelPipeline.fireChannelRead(DefaultChannelPipeline.java:930)
	at io.netty.channel.nio.AbstractNioByteChannel$NioByteUnsafe.read(AbstractNioByteChannel.java:163)
	at io.netty.channel.nio.NioEventLoop.processSelectedKey(NioEventLoop.java:677)
	at io.netty.channel.nio.NioEventLoop.processSelectedKeysOptimized(NioEventLoop.java:612)
	at io.netty.channel.nio.NioEventLoop.processSelectedKeys(NioEventLoop.java:529)
	at io.netty.channel.nio.NioEventLoop.run(NioEventLoop.java:491)
	at io.netty.util.concurrent.SingleThreadEventExecutor$5.run(SingleThreadEventExecutor.java:905)
	at java.lang.Thread.run(Thread.java:748)
19:29:52.171 [reactor-http-nio-3] - 117 - c.a.c.n.d.NacosDiscoveryClient - get service name from nacos server fail,
java.lang.IllegalStateException: failed to req API:/nacos/v1/ns/service/list after all servers([127.0.0.1:8848]) tried: failed to req API:127.0.0.1:8848/nacos/v1/ns/service/list. code:500 msg: java.net.ConnectException: Connection refused: connect
	at com.alibaba.nacos.client.naming.net.NamingProxy.reqAPI(NamingProxy.java:467)
	at com.alibaba.nacos.client.naming.net.NamingProxy.reqAPI(NamingProxy.java:433)
	at com.alibaba.nacos.client.naming.net.NamingProxy.reqAPI(NamingProxy.java:379)
	at com.alibaba.nacos.client.naming.net.NamingProxy.getServiceList(NamingProxy.java:361)
	at com.alibaba.nacos.client.naming.NacosNamingService.getServicesOfServer(NacosNamingService.java:458)
	at com.alibaba.nacos.client.naming.NacosNamingService.getServicesOfServer(NacosNamingService.java:447)
	at com.alibaba.cloud.nacos.discovery.NacosDiscoveryClient.getServices(NacosDiscoveryClient.java:113)
	at org.springframework.cloud.client.discovery.composite.CompositeDiscoveryClient.getServices(CompositeDiscoveryClient.java:67)
	at org.springframework.cloud.gateway.discovery.DiscoveryClientRouteDefinitionLocator.getRouteDefinitions(DiscoveryClientRouteDefinitionLocator.java:88)
	at reactor.core.publisher.FluxFlatMap$FlatMapMain.onNext(FluxFlatMap.java:350)
	at reactor.core.publisher.FluxIterable$IterableSubscription.slowPath(FluxIterable.java:243)
	at reactor.core.publisher.FluxIterable$IterableSubscription.request(FluxIterable.java:201)
	at reactor.core.publisher.FluxFlatMap$FlatMapMain.onSubscribe(FluxFlatMap.java:335)
	at reactor.core.publisher.FluxIterable.subscribe(FluxIterable.java:139)
	at reactor.core.publisher.FluxIterable.subscribe(FluxIterable.java:63)
	at reactor.core.publisher.FluxFlatMap.subscribe(FluxFlatMap.java:97)
	at reactor.core.publisher.FluxMap.subscribe(FluxMap.java:62)
	at reactor.core.publisher.FluxMap.subscribe(FluxMap.java:62)
	at reactor.core.publisher.Flux.subscribe(Flux.java:7777)
	at reactor.core.publisher.FluxFlatMap$FlatMapMain.onNext(FluxFlatMap.java:389)
	at reactor.core.publisher.FluxIterable$IterableSubscription.slowPath(FluxIterable.java:243)
	at reactor.core.publisher.FluxIterable$IterableSubscription.request(FluxIterable.java:201)
	at reactor.core.publisher.FluxFlatMap$FlatMapMain.onSubscribe(FluxFlatMap.java:335)
	at reactor.core.publisher.FluxIterable.subscribe(FluxIterable.java:139)
	at reactor.core.publisher.FluxIterable.subscribe(FluxIterable.java:63)
	at reactor.core.publisher.FluxFlatMap.subscribe(FluxFlatMap.java:97)
	at reactor.core.publisher.MonoCollectList.subscribe(MonoCollectList.java:59)
	at reactor.core.publisher.MonoMapFuseable.subscribe(MonoMapFuseable.java:59)
	at reactor.core.publisher.MonoFlattenIterable.subscribe(MonoFlattenIterable.java:101)
	at reactor.core.publisher.FluxMaterialize.subscribe(FluxMaterialize.java:40)
	at reactor.core.publisher.MonoCollectList.subscribe(MonoCollectList.java:59)
	at reactor.core.publisher.MonoPeekFuseable.subscribe(MonoPeekFuseable.java:74)
	at reactor.core.publisher.MonoFlattenIterable.subscribe(MonoFlattenIterable.java:101)
	at reactor.core.publisher.FluxDematerialize.subscribe(FluxDematerialize.java:39)
	at reactor.core.publisher.FluxDefer.subscribe(FluxDefer.java:54)
	at reactor.core.publisher.FluxConcatMap.subscribe(FluxConcatMap.java:121)
	at reactor.core.publisher.MonoNext.subscribe(MonoNext.java:40)
	at reactor.core.publisher.MonoMap.subscribe(MonoMap.java:55)
	at reactor.core.publisher.MonoFlatMap.subscribe(MonoFlatMap.java:60)
	at reactor.core.publisher.MonoSwitchIfEmpty.subscribe(MonoSwitchIfEmpty.java:44)
	at reactor.core.publisher.MonoMap.subscribe(MonoMap.java:55)
	at reactor.core.publisher.Mono.subscribe(Mono.java:3694)
	at reactor.core.publisher.FluxConcatMap$ConcatMapImmediate.drain(FluxConcatMap.java:442)
	at reactor.core.publisher.FluxConcatMap$ConcatMapImmediate.onSubscribe(FluxConcatMap.java:212)
	at reactor.core.publisher.FluxIterable.subscribe(FluxIterable.java:139)
	at reactor.core.publisher.FluxIterable.subscribe(FluxIterable.java:63)
	at reactor.core.publisher.FluxConcatMap.subscribe(FluxConcatMap.java:121)
	at reactor.core.publisher.MonoNext.subscribe(MonoNext.java:40)
	at reactor.core.publisher.MonoSwitchIfEmpty.subscribe(MonoSwitchIfEmpty.java:44)
	at reactor.core.publisher.MonoFlatMap.subscribe(MonoFlatMap.java:60)
	at reactor.core.publisher.MonoFlatMap.subscribe(MonoFlatMap.java:60)
	at reactor.core.publisher.MonoDefer.subscribe(MonoDefer.java:52)
	at reactor.core.publisher.MonoDefer.subscribe(MonoDefer.java:52)
	at reactor.core.publisher.MonoDefer.subscribe(MonoDefer.java:52)
	at reactor.core.publisher.MonoOnErrorResume.subscribe(MonoOnErrorResume.java:44)
	at reactor.core.publisher.MonoOnErrorResume.subscribe(MonoOnErrorResume.java:44)
	at reactor.core.publisher.MonoPeekTerminal.subscribe(MonoPeekTerminal.java:61)
	at reactor.core.publisher.MonoOnErrorResume.subscribe(MonoOnErrorResume.java:44)
	at reactor.core.publisher.Mono.subscribe(Mono.java:3694)
	at reactor.core.publisher.MonoIgnoreThen$ThenIgnoreMain.drain(MonoIgnoreThen.java:172)
	at reactor.core.publisher.MonoIgnoreThen.subscribe(MonoIgnoreThen.java:56)
	at reactor.core.publisher.MonoPeekFuseable.subscribe(MonoPeekFuseable.java:70)
	at reactor.core.publisher.MonoPeekTerminal.subscribe(MonoPeekTerminal.java:61)
	at reactor.netty.http.server.HttpServerHandle.onStateChange(HttpServerHandle.java:64)
	at reactor.netty.tcp.TcpServerBind$ChildObserver.onStateChange(TcpServerBind.java:234)
	at reactor.netty.http.server.HttpServerOperations.onInboundNext(HttpServerOperations.java:436)
	at reactor.netty.channel.ChannelOperationsHandler.channelRead(ChannelOperationsHandler.java:141)
	at io.netty.channel.AbstractChannelHandlerContext.invokeChannelRead(AbstractChannelHandlerContext.java:362)
	at io.netty.channel.AbstractChannelHandlerContext.invokeChannelRead(AbstractChannelHandlerContext.java:348)
	at io.netty.channel.AbstractChannelHandlerContext.fireChannelRead(AbstractChannelHandlerContext.java:340)
	at reactor.netty.http.server.HttpTrafficHandler.channelRead(HttpTrafficHandler.java:162)
	at io.netty.channel.AbstractChannelHandlerContext.invokeChannelRead(AbstractChannelHandlerContext.java:362)
	at io.netty.channel.AbstractChannelHandlerContext.invokeChannelRead(AbstractChannelHandlerContext.java:348)
	at io.netty.channel.AbstractChannelHandlerContext.fireChannelRead(AbstractChannelHandlerContext.java:340)
	at io.netty.channel.CombinedChannelDuplexHandler$DelegatingChannelHandlerContext.fireChannelRead(CombinedChannelDuplexHandler.java:438)
	at io.netty.handler.codec.ByteToMessageDecoder.fireChannelRead(ByteToMessageDecoder.java:323)
	at io.netty.handler.codec.ByteToMessageDecoder.fireChannelRead(ByteToMessageDecoder.java:310)
	at io.netty.handler.codec.ByteToMessageDecoder.callDecode(ByteToMessageDecoder.java:426)
	at io.netty.handler.codec.ByteToMessageDecoder.channelRead(ByteToMessageDecoder.java:278)
	at io.netty.channel.CombinedChannelDuplexHandler.channelRead(CombinedChannelDuplexHandler.java:253)
	at io.netty.channel.AbstractChannelHandlerContext.invokeChannelRead(AbstractChannelHandlerContext.java:362)
	at io.netty.channel.AbstractChannelHandlerContext.invokeChannelRead(AbstractChannelHandlerContext.java:348)
	at io.netty.channel.AbstractChannelHandlerContext.fireChannelRead(AbstractChannelHandlerContext.java:340)
	at io.netty.channel.DefaultChannelPipeline$HeadContext.channelRead(DefaultChannelPipeline.java:1408)
	at io.netty.channel.AbstractChannelHandlerContext.invokeChannelRead(AbstractChannelHandlerContext.java:362)
	at io.netty.channel.AbstractChannelHandlerContext.invokeChannelRead(AbstractChannelHandlerContext.java:348)
	at io.netty.channel.DefaultChannelPipeline.fireChannelRead(DefaultChannelPipeline.java:930)
	at io.netty.channel.nio.AbstractNioByteChannel$NioByteUnsafe.read(AbstractNioByteChannel.java:163)
	at io.netty.channel.nio.NioEventLoop.processSelectedKey(NioEventLoop.java:677)
	at io.netty.channel.nio.NioEventLoop.processSelectedKeysOptimized(NioEventLoop.java:612)
	at io.netty.channel.nio.NioEventLoop.processSelectedKeys(NioEventLoop.java:529)
	at io.netty.channel.nio.NioEventLoop.run(NioEventLoop.java:491)
	at io.netty.util.concurrent.SingleThreadEventExecutor$5.run(SingleThreadEventExecutor.java:905)
	at java.lang.Thread.run(Thread.java:748)
